0 info it worked if it ends with ok
1 verbose cli [ '/usr/bin/node', '/usr/bin/npm', 'install' ]
2 info using npm@1.3.11
3 info using node@v0.10.20
4 verbose node symlink /usr/bin/node
5 verbose readDependencies using package.json deps
6 verbose install where, deps [ '/home/mylinux/node/first-app', [ 'express', 'jade' ] ]
7 info preinstall application-name@0.0.1
8 verbose readDependencies using package.json deps
9 verbose cache add [ 'jade@*', null ]
10 verbose cache add name=undefined spec="jade@*" args=["jade@*",null]
11 verbose parsed url { protocol: null,
11 verbose parsed url   slashes: null,
11 verbose parsed url   auth: null,
11 verbose parsed url   host: null,
11 verbose parsed url   port: null,
11 verbose parsed url   hostname: null,
11 verbose parsed url   hash: null,
11 verbose parsed url   search: null,
11 verbose parsed url   query: null,
11 verbose parsed url   pathname: 'jade@*',
11 verbose parsed url   path: 'jade@*',
11 verbose parsed url   href: 'jade@*' }
12 verbose cache add name="jade" spec="*" args=["jade","*"]
13 verbose parsed url { protocol: null,
13 verbose parsed url   slashes: null,
13 verbose parsed url   auth: null,
13 verbose parsed url   host: null,
13 verbose parsed url   port: null,
13 verbose parsed url   hostname: null,
13 verbose parsed url   hash: null,
13 verbose parsed url   search: null,
13 verbose parsed url   query: null,
13 verbose parsed url   pathname: '*',
13 verbose parsed url   path: '*',
13 verbose parsed url   href: '*' }
14 verbose addNamed [ 'jade', '*' ]
15 verbose addNamed [ null, '*' ]
16 silly lockFile ad03ed78-jade jade@*
17 verbose lock jade@* /home/mylinux/.npm/ad03ed78-jade.lock
18 verbose cache add [ 'express@3.4.1', null ]
19 verbose cache add name=undefined spec="express@3.4.1" args=["express@3.4.1",null]
20 verbose parsed url { protocol: null,
20 verbose parsed url   slashes: null,
20 verbose parsed url   auth: null,
20 verbose parsed url   host: null,
20 verbose parsed url   port: null,
20 verbose parsed url   hostname: null,
20 verbose parsed url   hash: null,
20 verbose parsed url   search: null,
20 verbose parsed url   query: null,
20 verbose parsed url   pathname: 'express@3.4.1',
20 verbose parsed url   path: 'express@3.4.1',
20 verbose parsed url   href: 'express@3.4.1' }
21 verbose cache add name="express" spec="3.4.1" args=["express","3.4.1"]
22 verbose parsed url { protocol: null,
22 verbose parsed url   slashes: null,
22 verbose parsed url   auth: null,
22 verbose parsed url   host: null,
22 verbose parsed url   port: null,
22 verbose parsed url   hostname: null,
22 verbose parsed url   hash: null,
22 verbose parsed url   search: null,
22 verbose parsed url   query: null,
22 verbose parsed url   pathname: '3.4.1',
22 verbose parsed url   path: '3.4.1',
22 verbose parsed url   href: '3.4.1' }
23 verbose addNamed [ 'express', '3.4.1' ]
24 verbose addNamed [ '3.4.1', '3.4.1' ]
25 silly lockFile 9b1cf608-express-3-4-1 express@3.4.1
26 verbose lock express@3.4.1 /home/mylinux/.npm/9b1cf608-express-3-4-1.lock
27 silly addNameRange { name: 'jade', range: '*', hasData: false }
28 verbose url raw jade
29 verbose url resolving [ 'https://registry.npmjs.org/', './jade' ]
30 verbose url resolved https://registry.npmjs.org/jade
31 info trying registry request attempt 1 at 23:36:53
32 http GET https://registry.npmjs.org/jade
33 verbose url raw express/3.4.1
34 verbose url resolving [ 'https://registry.npmjs.org/', './express/3.4.1' ]
35 verbose url resolved https://registry.npmjs.org/express/3.4.1
36 info trying registry request attempt 1 at 23:36:53
37 http GET https://registry.npmjs.org/express/3.4.1
38 http 200 https://registry.npmjs.org/express/3.4.1
39 silly registry.get cb [ 200,
39 silly registry.get   { vary: 'Accept',
39 silly registry.get     server: 'CouchDB/1.3.1 (Erlang OTP/R15B03)',
39 silly registry.get     etag: '"CZYWLD4WBT3XQHHQ75YHZFAIM"',
39 silly registry.get     date: 'Wed, 16 Oct 2013 06:36:55 GMT',
39 silly registry.get     'content-type': 'application/json',
39 silly registry.get     'content-length': '7968' } ]
40 silly lockFile efc2d628-js-org-express-express-3-4-1-tgz https://registry.npmjs.org/express/-/express-3.4.1.tgz
41 verbose lock https://registry.npmjs.org/express/-/express-3.4.1.tgz /home/mylinux/.npm/efc2d628-js-org-express-express-3-4-1-tgz.lock
42 verbose addRemoteTarball [ 'https://registry.npmjs.org/express/-/express-3.4.1.tgz',
42 verbose addRemoteTarball   '3b4fb8862b6a1dfce3dc760629833d0cfef9314c' ]
43 silly lockFile efc2d628-js-org-express-express-3-4-1-tgz https://registry.npmjs.org/express/-/express-3.4.1.tgz
44 silly lockFile efc2d628-js-org-express-express-3-4-1-tgz https://registry.npmjs.org/express/-/express-3.4.1.tgz
45 silly lockFile 9b1cf608-express-3-4-1 express@3.4.1
46 silly lockFile 9b1cf608-express-3-4-1 express@3.4.1
47 error Error: EACCES, mkdir '/home/mylinux/tmp/npm-15825-Q3RzR-id'
47 error  { [Error: EACCES, mkdir '/home/mylinux/tmp/npm-15825-Q3RzR-id']
47 error   errno: 3,
47 error   code: 'EACCES',
47 error   path: '/home/mylinux/tmp/npm-15825-Q3RzR-id' }
48 error Please try running this command again as root/Administrator.
49 error System Linux 3.8.0-31-generic
50 error command "/usr/bin/node" "/usr/bin/npm" "install"
51 error cwd /home/mylinux/node/first-app
52 error node -v v0.10.20
53 error npm -v 1.3.11
54 error path /home/mylinux/tmp/npm-15825-Q3RzR-id
55 error code EACCES
56 error errno 3
57 error stack Error: EACCES, mkdir '/home/mylinux/tmp/npm-15825-Q3RzR-id'
58 verbose exit [ 3, true ]
