2013-10-15 06:18:42,906 - ubuntuone.credentials - INFO - Starting Ubuntu One login manager for bus 'com.ubuntuone.Credentials'.
2013-10-15 06:21:42,077 - ubuntuone.credentials - DEBUG - Handling DBus signal for member: 'CredentialsNotFound', app_name: dbus.String(u'Ubuntu Software Center').
2013-10-15 06:21:42,078 - ubuntuone.credentials - INFO - Received 'CredentialsNotFound' but app_name dbus.String(u'Ubuntu Software Center') does not match u'Ubuntu One', exiting.
2013-10-15 06:26:43,384 - ubuntuone.credentials - DEBUG - Handling DBus signal for member: 'CredentialsNotFound', app_name: dbus.String(u'Ubuntu Software Center').
2013-10-15 06:26:43,384 - ubuntuone.credentials - INFO - Received 'CredentialsNotFound' but app_name dbus.String(u'Ubuntu Software Center') does not match u'Ubuntu One', exiting.
2013-10-15 06:37:09,442 - ubuntuone.credentials - DEBUG - find_credentials: args (<ubuntuone.platform.credentials.CredentialsManagementTool object at 0x95a0c6c>,), kwargs {}.
2013-10-15 06:37:10,548 - ubuntuone.credentials - INFO - Starting Ubuntu One login manager for bus 'com.ubuntuone.Credentials'.
2013-10-15 06:37:10,815 - ubuntuone.credentials - DEBUG - ref_count is 0, changing value to 1.
2013-10-15 06:37:11,244 - ubuntuone.credentials - DEBUG - Handling DBus signal for member: 'CredentialsNotFound', app_name: dbus.String(u'Ubuntu One').
2013-10-15 06:37:11,245 - ubuntuone.credentials - DEBUG - ref_count is 1, changing value to 0.
2013-10-15 06:37:11,246 - ubuntuone.credentials - DEBUG - Setting up timer with <function timeout_add at 0xb6ab610c> (10000, <bound method CredentialsManagement.shutdown of <ubuntuone.platform.credentials.dbus_service.CredentialsManagement at /credentials at 0x91d1b0c>>).
2013-10-15 06:37:11,247 - ubuntuone.credentials - INFO - CredentialsManagement: emitting CredentialsNotFound.
2013-10-15 06:37:11,252 - ubuntuone.credentials - DEBUG - cleanup: removing signal match <<class 'dbus.connection.SignalMatch'> at 924b26c "type='signal',sender='com.ubuntuone.Credentials',path='/credentials',interface='com.ubuntuone.CredentialsManagement',member='CredentialsFound'" on conn <dbus._dbus.SessionBus (session) at 0x9255cec>>
2013-10-15 06:37:11,253 - ubuntuone.credentials - DEBUG - cleanup: removing signal match <<class 'dbus.connection.SignalMatch'> at 924b32c "type='signal',sender='com.ubuntuone.Credentials',path='/credentials',interface='com.ubuntuone.CredentialsManagement',member='CredentialsNotFound'" on conn <dbus._dbus.SessionBus (session) at 0x9255cec>>
2013-10-15 06:37:11,253 - ubuntuone.credentials - DEBUG - cleanup: removing signal match <<class 'dbus.connection.SignalMatch'> at 924b3ec "type='signal',sender='com.ubuntuone.Credentials',path='/credentials',interface='com.ubuntuone.CredentialsManagement',member='CredentialsError'" on conn <dbus._dbus.SessionBus (session) at 0x9255cec>>
2013-10-15 06:37:12,993 - ubuntuone.credentials - DEBUG - find_credentials: args (<ubuntuone.platform.credentials.CredentialsManagementTool object at 0x99e20ec>,), kwargs {}.
2013-10-15 06:37:13,136 - ubuntuone.credentials - DEBUG - ref_count is 0, changing value to 1.
2013-10-15 06:37:13,160 - ubuntuone.credentials - DEBUG - Handling DBus signal for member: 'CredentialsNotFound', app_name: dbus.String(u'Ubuntu One').
2013-10-15 06:37:13,160 - ubuntuone.credentials - DEBUG - ref_count is 1, changing value to 0.
2013-10-15 06:37:13,160 - ubuntuone.credentials - DEBUG - Setting up timer with <function timeout_add at 0xb6ab610c> (10000, <bound method CredentialsManagement.shutdown of <ubuntuone.platform.credentials.dbus_service.CredentialsManagement at /credentials at 0x91d1b0c>>).
2013-10-15 06:37:13,160 - ubuntuone.credentials - INFO - CredentialsManagement: emitting CredentialsNotFound.
2013-10-15 06:37:13,164 - ubuntuone.credentials - DEBUG - cleanup: removing signal match <<class 'dbus.connection.SignalMatch'> at 95aa02c "type='signal',sender='com.ubuntuone.Credentials',path='/credentials',interface='com.ubuntuone.CredentialsManagement',member='CredentialsFound'" on conn <dbus._dbus.SessionBus (session) at 0x972ab0c>>
2013-10-15 06:37:13,164 - ubuntuone.credentials - DEBUG - cleanup: removing signal match <<class 'dbus.connection.SignalMatch'> at 95aac8c "type='signal',sender='com.ubuntuone.Credentials',path='/credentials',interface='com.ubuntuone.CredentialsManagement',member='CredentialsNotFound'" on conn <dbus._dbus.SessionBus (session) at 0x972ab0c>>
2013-10-15 06:37:13,164 - ubuntuone.credentials - DEBUG - cleanup: removing signal match <<class 'dbus.connection.SignalMatch'> at 95aad4c "type='signal',sender='com.ubuntuone.Credentials',path='/credentials',interface='com.ubuntuone.CredentialsManagement',member='CredentialsError'" on conn <dbus._dbus.SessionBus (session) at 0x972ab0c>>
2013-10-15 06:37:21,255 - ubuntuone.credentials - DEBUG - shutdown!, ref_count is 0.
2013-10-15 06:37:21,256 - ubuntuone.credentials - INFO - Shutting down, calling <bound method MainLoop.quit of <GMainLoop at 0x9196018>>.
2013-10-15 22:47:56,306 - ubuntuone.credentials - DEBUG - find_credentials: args (<ubuntuone.platform.credentials.CredentialsManagementTool object at 0xa29c66c>,), kwargs {}.
2013-10-15 22:47:56,952 - ubuntuone.credentials - INFO - Starting Ubuntu One login manager for bus 'com.ubuntuone.Credentials'.
2013-10-15 22:47:57,012 - ubuntuone.credentials - DEBUG - ref_count is 0, changing value to 1.
2013-10-15 22:47:58,029 - ubuntuone.credentials - DEBUG - Handling DBus signal for member: 'CredentialsNotFound', app_name: dbus.String(u'Ubuntu One').
2013-10-15 22:47:58,029 - ubuntuone.credentials - DEBUG - ref_count is 1, changing value to 0.
2013-10-15 22:47:58,029 - ubuntuone.credentials - DEBUG - Setting up timer with <function timeout_add at 0xb6b1310c> (10000, <bound method CredentialsManagement.shutdown of <ubuntuone.platform.credentials.dbus_service.CredentialsManagement at /credentials at 0xa2a8d6c>>).
2013-10-15 22:47:58,030 - ubuntuone.credentials - INFO - CredentialsManagement: emitting CredentialsNotFound.
2013-10-15 22:47:58,031 - ubuntuone.credentials - DEBUG - cleanup: removing signal match <<class 'dbus.connection.SignalMatch'> at 9e6fd4c "type='signal',sender='com.ubuntuone.Credentials',path='/credentials',interface='com.ubuntuone.CredentialsManagement',member='CredentialsFound'" on conn <dbus._dbus.SessionBus (session) at 0x9f6847c>>
2013-10-15 22:47:58,032 - ubuntuone.credentials - DEBUG - cleanup: removing signal match <<class 'dbus.connection.SignalMatch'> at 9e6fe0c "type='signal',sender='com.ubuntuone.Credentials',path='/credentials',interface='com.ubuntuone.CredentialsManagement',member='CredentialsNotFound'" on conn <dbus._dbus.SessionBus (session) at 0x9f6847c>>
2013-10-15 22:47:58,032 - ubuntuone.credentials - DEBUG - cleanup: removing signal match <<class 'dbus.connection.SignalMatch'> at 9e6fecc "type='signal',sender='com.ubuntuone.Credentials',path='/credentials',interface='com.ubuntuone.CredentialsManagement',member='CredentialsError'" on conn <dbus._dbus.SessionBus (session) at 0x9f6847c>>
2013-10-15 22:48:08,040 - ubuntuone.credentials - DEBUG - shutdown!, ref_count is 0.
2013-10-15 22:48:08,040 - ubuntuone.credentials - INFO - Shutting down, calling <bound method MainLoop.quit of <GMainLoop at 0xa21ebf0>>.
2013-10-15 22:54:51,722 - ubuntuone.credentials - DEBUG - find_credentials: args (<ubuntuone.platform.credentials.CredentialsManagementTool object at 0xa30866c>,), kwargs {}.
2013-10-15 22:54:52,241 - ubuntuone.credentials - INFO - Starting Ubuntu One login manager for bus 'com.ubuntuone.Credentials'.
2013-10-15 22:54:52,282 - ubuntuone.credentials - DEBUG - ref_count is 0, changing value to 1.
2013-10-15 22:54:53,756 - ubuntuone.credentials - DEBUG - Handling DBus signal for member: 'CredentialsNotFound', app_name: dbus.String(u'Ubuntu One').
2013-10-15 22:54:53,756 - ubuntuone.credentials - DEBUG - ref_count is 1, changing value to 0.
2013-10-15 22:54:53,757 - ubuntuone.credentials - DEBUG - Setting up timer with <function timeout_add at 0xb6a7810c> (10000, <bound method CredentialsManagement.shutdown of <ubuntuone.platform.credentials.dbus_service.CredentialsManagement at /credentials at 0x876fd6c>>).
2013-10-15 22:54:53,758 - ubuntuone.credentials - INFO - CredentialsManagement: emitting CredentialsNotFound.
2013-10-15 22:54:53,759 - ubuntuone.credentials - DEBUG - cleanup: removing signal match <<class 'dbus.connection.SignalMatch'> at 9edbd4c "type='signal',sender='com.ubuntuone.Credentials',path='/credentials',interface='com.ubuntuone.CredentialsManagement',member='CredentialsFound'" on conn <dbus._dbus.SessionBus (session) at 0x9fd447c>>
2013-10-15 22:54:53,759 - ubuntuone.credentials - DEBUG - cleanup: removing signal match <<class 'dbus.connection.SignalMatch'> at 9edbe0c "type='signal',sender='com.ubuntuone.Credentials',path='/credentials',interface='com.ubuntuone.CredentialsManagement',member='CredentialsNotFound'" on conn <dbus._dbus.SessionBus (session) at 0x9fd447c>>
2013-10-15 22:54:53,760 - ubuntuone.credentials - DEBUG - cleanup: removing signal match <<class 'dbus.connection.SignalMatch'> at 9edbecc "type='signal',sender='com.ubuntuone.Credentials',path='/credentials',interface='com.ubuntuone.CredentialsManagement',member='CredentialsError'" on conn <dbus._dbus.SessionBus (session) at 0x9fd447c>>
2013-10-15 22:55:03,764 - ubuntuone.credentials - DEBUG - shutdown!, ref_count is 0.
2013-10-15 22:55:03,764 - ubuntuone.credentials - INFO - Shutting down, calling <bound method MainLoop.quit of <GMainLoop at 0x86e5bf0>>.
